<?xml version="1.0" encoding="UTF-8"?>
<!-- Generated by org.testng.reporters.JUnitXMLReporter -->
<testsuite ignored="2" hostname="DESKTOP-QPRLLMO" failures="0" tests="1" name="Command line test" time="43.26" errors="0" timestamp="2023-06-07T11:54:21 EET">
  <testcase classname="test.pl.com.CreateAccountTest" name="createAccount" time="32.783"/>
  <testcase classname="test.pl.com.BaseTest" name="@BeforeTest startReport" time="0.0">
    <ignored/>
  </testcase> <!-- @BeforeTest startReport -->
  <testcase classname="test.pl.com.BaseTest" name="@AfterTest endReport" time="0.0">
    <ignored/>
  </testcase> <!-- @AfterTest endReport -->
</testsuite> <!-- Command line test -->
